<?xml version="1.0" encoding="UTF-8"?>
<!-- Generated by org.testng.reporters.JUnitXMLReporter -->
<testsuite ignored="0" hostname="Ecems-MacBook-Pro.local" failures="0" tests="5" name="Command line test" time="0.054" errors="0" timestamp="2024-12-10T17:17:04 TRT">
  <testcase classname="utils.BaseTest" name="@BeforeMethod setup" time="-1.733840224651E9">
    <failure type="org.testng.TestNGException" message="
Parameter &amp;apos;browser&amp;apos; is required by BeforeMethod on method setup but has not been marked @Optional or defined
">
      <![CDATA[org.testng.TestNGException: 
Parameter 'browser' is required by BeforeMethod on method setup but has not been marked @Optional or defined

at java.base/java.util.ArrayList.forEach(ArrayList.java:1511)
... Removed 37 stack frames]]>
    </failure>
  </testcase> <!-- @BeforeMethod setup -->
  <testcase classname="utils.BaseTest" name="@AfterMethod teardown" time="0.0">
    <skipped/>
  </testcase> <!-- @AfterMethod teardown -->
  <testcase classname="utils.BaseTest" name="@BeforeMethod setup" time="0.0">
    <skipped/>
  </testcase> <!-- @BeforeMethod setup -->
  <testcase classname="utils.BaseTest" name="@AfterMethod teardown" time="0.0">
    <skipped/>
  </testcase> <!-- @AfterMethod teardown -->
  <testcase classname="utils.BaseTest" name="@BeforeMethod setup" time="0.0">
    <skipped/>
  </testcase> <!-- @BeforeMethod setup -->
  <testcase classname="utils.BaseTest" name="@AfterMethod teardown" time="0.0">
    <skipped/>
  </testcase> <!-- @AfterMethod teardown -->
  <testcase classname="utils.BaseTest" name="@BeforeMethod setup" time="0.0">
    <skipped/>
  </testcase> <!-- @BeforeMethod setup -->
  <testcase classname="utils.BaseTest" name="@AfterMethod teardown" time="0.0">
    <skipped/>
  </testcase> <!-- @AfterMethod teardown -->
  <testcase classname="utils.BaseTest" name="@BeforeMethod setup" time="0.0">
    <skipped/>
  </testcase> <!-- @BeforeMethod setup -->
  <testcase classname="utils.BaseTest" name="@AfterMethod teardown" time="0.0">
    <skipped/>
  </testcase> <!-- @AfterMethod teardown -->
  <testcase classname="tests.CareersTest" name="testCase1_CheckHomePageOpened" time="0.0">
    <skipped/>
  </testcase> <!-- testCase1_CheckHomePageOpened -->
  <testcase classname="tests.CareersTest" name="testCase2_CheckCareersPageAndSections" time="0.0">
    <skipped/>
  </testcase> <!-- testCase2_CheckCareersPageAndSections -->
  <testcase classname="tests.CareersTest" name="testCase3_FilterQAJobsByLocationAndDepartment" time="0.0">
    <skipped/>
  </testcase> <!-- testCase3_FilterQAJobsByLocationAndDepartment -->
  <testcase classname="tests.CareersTest" name="testCase4_VerifyJobDetails" time="0.0">
    <skipped/>
  </testcase> <!-- testCase4_VerifyJobDetails -->
  <testcase classname="tests.CareersTest" name="testCase5_CheckLeverApplicationForm" time="0.0">
    <skipped/>
  </testcase> <!-- testCase5_CheckLeverApplicationForm -->
</testsuite> <!-- Command line test -->
